TN:
SF:modules\register-migrated\controllers\registerController.js
FN:6,(anonymous_0)
FN:22,(anonymous_1)
FN:36,(anonymous_2)
FN:40,(anonymous_3)
FN:50,(anonymous_4)
FN:62,(anonymous_5)
FN:74,(anonymous_6)
FN:86,(anonymous_7)
FN:109,(anonymous_8)
FN:149,(anonymous_9)
FN:180,(anonymous_10)
FN:189,(anonymous_11)
FNF:12
FNH:0
FNDA:0,(anonymous_0)
FNDA:0,(anonymous_1)
FNDA:0,(anonymous_2)
FNDA:0,(anonymous_3)
FNDA:0,(anonymous_4)
FNDA:0,(anonymous_5)
FNDA:0,(anonymous_6)
FNDA:0,(anonymous_7)
FNDA:0,(anonymous_8)
FNDA:0,(anonymous_9)
FNDA:0,(anonymous_10)
FNDA:0,(anonymous_11)
DA:1,1
DA:2,1
DA:3,1
DA:7,0
DA:8,0
DA:9,0
DA:10,0
DA:11,0
DA:12,0
DA:13,0
DA:14,0
DA:15,0
DA:17,0
DA:18,0
DA:23,0
DA:24,0
DA:25,0
DA:26,0
DA:27,0
DA:28,0
DA:29,0
DA:31,0
DA:32,0
DA:37,0
DA:38,0
DA:39,0
DA:40,0
DA:41,0
DA:42,0
DA:43,0
DA:45,0
DA:46,0
DA:51,0
DA:52,0
DA:53,0
DA:54,0
DA:55,0
DA:57,0
DA:58,0
DA:63,0
DA:64,0
DA:65,0
DA:66,0
DA:67,0
DA:69,0
DA:70,0
DA:75,0
DA:76,0
DA:77,0
DA:78,0
DA:79,0
DA:81,0
DA:82,0
DA:87,0
DA:88,0
DA:89,0
DA:90,0
DA:91,0
DA:92,0
DA:93,0
DA:94,0
DA:95,0
DA:96,0
DA:97,0
DA:99,0
DA:100,0
DA:101,0
DA:102,0
DA:104,0
DA:105,0
DA:110,0
DA:111,0
DA:112,0
DA:113,0
DA:114,0
DA:115,0
DA:116,0
DA:117,0
DA:118,0
DA:119,0
DA:120,0
DA:122,0
DA:123,0
DA:124,0
DA:126,0
DA:127,0
DA:128,0
DA:129,0
DA:131,0
DA:132,0
DA:133,0
DA:134,0
DA:135,0
DA:136,0
DA:137,0
DA:138,0
DA:139,0
DA:140,0
DA:142,0
DA:144,0
DA:145,0
DA:150,0
DA:151,0
DA:152,0
DA:153,0
DA:154,0
DA:155,0
DA:156,0
DA:157,0
DA:158,0
DA:160,0
DA:161,0
DA:162,0
DA:164,0
DA:165,0
DA:166,0
DA:167,0
DA:169,0
DA:170,0
DA:172,0
DA:175,0
DA:176,0
DA:181,0
DA:182,0
DA:184,0
DA:185,0
DA:190,0
DA:191,0
DA:193,0
DA:194,0
DA:199,1
LF:131
LH:4
BRDA:10,0,0,0
BRDA:10,0,1,0
BRDA:10,1,0,0
BRDA:10,1,1,0
BRDA:11,2,0,0
BRDA:11,2,1,0
BRDA:12,3,0,0
BRDA:12,3,1,0
BRDA:14,4,0,0
BRDA:14,4,1,0
BRDA:25,5,0,0
BRDA:25,5,1,0
BRDA:25,6,0,0
BRDA:25,6,1,0
BRDA:26,7,0,0
BRDA:26,7,1,0
BRDA:28,8,0,0
BRDA:28,8,1,0
BRDA:39,9,0,0
BRDA:39,9,1,0
BRDA:40,10,0,0
BRDA:40,10,1,0
BRDA:41,11,0,0
BRDA:41,11,1,0
BRDA:41,12,0,0
BRDA:41,12,1,0
BRDA:42,13,0,0
BRDA:42,13,1,0
BRDA:53,14,0,0
BRDA:53,14,1,0
BRDA:53,15,0,0
BRDA:53,15,1,0
BRDA:54,16,0,0
BRDA:54,16,1,0
BRDA:54,17,0,0
BRDA:54,17,1,0
BRDA:65,18,0,0
BRDA:65,18,1,0
BRDA:66,19,0,0
BRDA:66,19,1,0
BRDA:77,20,0,0
BRDA:77,20,1,0
BRDA:77,21,0,0
BRDA:77,21,1,0
BRDA:78,22,0,0
BRDA:78,22,1,0
BRDA:90,23,0,0
BRDA:90,23,1,0
BRDA:90,24,0,0
BRDA:90,24,1,0
BRDA:90,24,2,0
BRDA:90,24,3,0
BRDA:90,24,4,0
BRDA:90,24,5,0
BRDA:90,24,6,0
BRDA:90,24,7,0
BRDA:91,25,0,0
BRDA:91,25,1,0
BRDA:92,26,0,0
BRDA:92,26,1,0
BRDA:93,27,0,0
BRDA:93,27,1,0
BRDA:94,28,0,0
BRDA:94,28,1,0
BRDA:95,29,0,0
BRDA:95,29,1,0
BRDA:96,30,0,0
BRDA:96,30,1,0
BRDA:97,31,0,0
BRDA:97,31,1,0
BRDA:114,32,0,0
BRDA:114,32,1,0
BRDA:116,33,0,0
BRDA:116,33,1,0
BRDA:117,34,0,0
BRDA:117,34,1,0
BRDA:118,35,0,0
BRDA:118,35,1,0
BRDA:120,36,0,0
BRDA:120,36,1,0
BRDA:122,37,0,0
BRDA:122,37,1,0
BRDA:124,38,0,0
BRDA:124,38,1,0
BRDA:127,39,0,0
BRDA:127,39,1,0
BRDA:132,40,0,0
BRDA:132,40,1,0
BRDA:154,41,0,0
BRDA:154,41,1,0
BRDA:156,42,0,0
BRDA:156,42,1,0
BRDA:158,43,0,0
BRDA:158,43,1,0
BRDA:160,44,0,0
BRDA:160,44,1,0
BRDA:162,45,0,0
BRDA:162,45,1,0
BRDA:169,46,0,0
BRDA:169,46,1,0
BRDA:169,47,0,0
BRDA:169,47,1,0
BRDA:169,47,2,0
BRF:103
BRH:0
end_of_record
TN:
SF:modules\register-migrated\routes\register.js
FNF:0
FNH:0
DA:1,1
DA:2,1
DA:3,1
DA:5,1
DA:6,1
DA:7,1
DA:8,1
DA:9,1
DA:10,1
DA:11,1
DA:12,1
DA:13,1
DA:14,1
DA:15,1
DA:17,1
LF:15
LH:15
BRF:0
BRH:0
end_of_record
TN:
SF:src\app.js
FN:45,(anonymous_0)
FN:53,(anonymous_1)
FN:59,startServer
FN:62,(anonymous_3)
FN:68,(anonymous_4)
FNF:5
FNH:0
FNDA:0,(anonymous_0)
FNDA:0,(anonymous_1)
FNDA:0,startServer
FNDA:0,(anonymous_3)
FNDA:0,(anonymous_4)
DA:1,1
DA:2,1
DA:3,1
DA:4,1
DA:6,1
DA:8,1
DA:9,1
DA:10,1
DA:11,1
DA:12,1
DA:13,1
DA:14,1
DA:15,1
DA:16,1
DA:17,1
DA:18,1
DA:19,1
DA:20,1
DA:22,1
DA:23,1
DA:26,1
DA:27,1
DA:28,1
DA:29,1
DA:32,1
DA:33,1
DA:34,1
DA:35,1
DA:36,1
DA:37,1
DA:38,1
DA:39,1
DA:40,1
DA:41,1
DA:42,1
DA:45,1
DA:46,0
DA:50,1
DA:53,1
DA:54,0
DA:57,1
DA:60,0
DA:61,0
DA:62,0
DA:63,0
DA:67,1
DA:68,0
DA:69,0
DA:70,0
DA:74,1
LF:50
LH:41
BRDA:6,0,0,1
BRDA:6,0,1,1
BRDA:23,1,0,1
BRDA:23,1,1,1
BRDA:67,2,0,0
BRDA:67,2,1,1
BRF:6
BRH:5
end_of_record
TN:
SF:src\domain-providers\authService.js
FN:11,(anonymous_0)
FN:73,(anonymous_1)
FN:78,(anonymous_2)
FN:90,(anonymous_3)
FN:114,(anonymous_4)
FN:135,(anonymous_5)
FN:174,(anonymous_6)
FN:199,(anonymous_7)
FN:212,(anonymous_8)
FNF:9
FNH:0
FNDA:0,(anonymous_0)
FNDA:0,(anonymous_1)
FNDA:0,(anonymous_2)
FNDA:0,(anonymous_3)
FNDA:0,(anonymous_4)
FNDA:0,(anonymous_5)
FNDA:0,(anonymous_6)
FNDA:0,(anonymous_7)
FNDA:0,(anonymous_8)
DA:1,1
DA:2,1
DA:3,1
DA:4,1
DA:5,1
DA:12,0
DA:13,0
DA:14,0
DA:15,0
DA:17,0
DA:18,0
DA:22,0
DA:23,0
DA:25,0
DA:26,0
DA:29,0
DA:30,0
DA:32,0
DA:33,0
DA:36,0
DA:37,0
DA:40,0
DA:41,0
DA:43,0
DA:44,0
DA:45,0
DA:46,0
DA:48,0
DA:49,0
DA:50,0
DA:51,0
DA:52,0
DA:55,0
DA:56,0
DA:60,0
DA:64,0
DA:65,0
DA:67,0
DA:68,0
DA:74,0
DA:79,0
DA:80,0
DA:81,0
DA:82,0
DA:84,0
DA:85,0
DA:91,0
DA:92,0
DA:93,0
DA:95,0
DA:104,0
DA:106,0
DA:108,0
DA:109,0
DA:115,0
DA:116,0
DA:117,0
DA:118,0
DA:121,0
DA:122,0
DA:123,0
DA:124,0
DA:126,0
DA:129,0
DA:130,0
DA:136,0
DA:137,0
DA:138,0
DA:139,0
DA:142,0
DA:143,0
DA:144,0
DA:145,0
DA:146,0
DA:147,0
DA:150,0
DA:151,0
DA:154,0
DA:155,0
DA:156,0
DA:159,0
DA:160,0
DA:161,0
DA:163,0
DA:166,0
DA:168,0
DA:169,0
DA:175,0
DA:176,0
DA:177,0
DA:178,0
DA:181,0
DA:182,0
DA:184,0
DA:185,0
DA:186,0
DA:187,0
DA:188,0
DA:190,0
DA:193,0
DA:194,0
DA:200,0
DA:201,0
DA:202,0
DA:203,0
DA:204,0
DA:206,0
DA:207,0
DA:213,0
DA:214,0
DA:215,0
DA:216,0
DA:217,0
DA:218,0
DA:220,0
DA:225,1
LF:116
LH:6
BRDA:13,0,0,0
BRDA:13,0,1,0
BRDA:17,1,0,0
BRDA:17,1,1,0
BRDA:30,2,0,0
BRDA:30,2,1,0
BRDA:32,3,0,0
BRDA:32,3,1,0
BRDA:36,4,0,0
BRDA:36,4,1,0
BRDA:36,5,0,0
BRDA:36,5,1,0
BRDA:43,6,0,0
BRDA:43,6,1,0
BRDA:44,7,0,0
BRDA:44,7,1,0
BRDA:48,8,0,0
BRDA:48,8,1,0
BRDA:80,9,0,0
BRDA:80,9,1,0
BRDA:99,10,0,0
BRDA:99,10,1,0
BRDA:100,11,0,0
BRDA:100,11,1,0
BRDA:117,12,0,0
BRDA:117,12,1,0
BRDA:121,13,0,0
BRDA:121,13,1,0
BRDA:139,14,0,0
BRDA:139,14,1,0
BRDA:142,15,0,0
BRDA:142,15,1,0
BRDA:142,16,0,0
BRDA:142,16,1,0
BRDA:142,16,2,0
BRDA:146,17,0,0
BRDA:146,17,1,0
BRDA:151,18,0,0
BRDA:151,18,1,0
BRDA:154,19,0,0
BRDA:154,19,1,0
BRDA:154,20,0,0
BRDA:154,20,1,0
BRDA:155,21,0,0
BRDA:155,21,1,0
BRDA:177,22,0,0
BRDA:177,22,1,0
BRDA:184,23,0,0
BRDA:184,23,1,0
BRDA:202,24,0,0
BRDA:202,24,1,0
BRDA:213,25,0,0
BRDA:213,25,1,0
BRDA:215,26,0,0
BRDA:215,26,1,0
BRDA:217,27,0,0
BRDA:217,27,1,0
BRF:57
BRH:0
end_of_record
TN:
SF:src\domain-providers\dbService.js
FN:4,(anonymous_0)
FN:8,(anonymous_1)
FN:14,(anonymous_2)
FN:26,(anonymous_3)
FN:38,(anonymous_4)
FN:50,(anonymous_5)
FN:55,(anonymous_6)
FNF:7
FNH:6
FNDA:1,(anonymous_0)
FNDA:0,(anonymous_1)
FNDA:19,(anonymous_2)
FNDA:1,(anonymous_3)
FNDA:11,(anonymous_4)
FNDA:10,(anonymous_5)
FNDA:8,(anonymous_6)
DA:1,1
DA:5,1
DA:9,0
DA:10,0
DA:15,19
DA:16,1
DA:17,1
DA:19,0
DA:20,0
DA:23,19
DA:27,1
DA:28,1
DA:29,1
DA:31,0
DA:33,1
DA:39,11
DA:40,11
DA:41,11
DA:42,11
DA:43,11
DA:44,11
DA:46,11
DA:47,11
DA:51,10
DA:52,10
DA:56,8
DA:57,8
DA:60,8
DA:61,8
DA:62,8
DA:63,8
DA:64,8
DA:68,8
DA:69,8
DA:70,8
DA:73,8
DA:77,1
LF:37
LH:32
BRDA:9,0,0,0
BRDA:9,0,1,0
BRDA:15,1,0,1
BRDA:15,1,1,18
BRDA:27,2,0,1
BRDA:27,2,1,0
BRDA:38,3,0,0
BRDA:50,4,0,0
BRDA:52,5,0,10
BRDA:52,5,1,0
BRDA:55,6,0,0
BRDA:63,7,0,8
BRDA:63,7,1,0
BRDA:63,8,0,8
BRDA:63,8,1,8
BRF:15
BRH:7
end_of_record
TN:
SF:src\domain-providers\jsonDbService.js
FN:7,(anonymous_0)
FN:12,(anonymous_1)
FN:13,(anonymous_2)
FN:14,(anonymous_3)
FN:15,(anonymous_4)
FN:19,(anonymous_5)
FN:26,(anonymous_6)
FN:27,(anonymous_7)
FN:28,(anonymous_8)
FN:31,(anonymous_9)
FN:32,(anonymous_10)
FN:33,(anonymous_11)
FN:36,(anonymous_12)
FN:40,(anonymous_13)
FN:44,(anonymous_14)
FN:59,(anonymous_15)
FN:71,(anonymous_16)
FN:84,(anonymous_17)
FN:159,(anonymous_18)
FN:192,(anonymous_19)
FN:207,(anonymous_20)
FN:234,(anonymous_21)
FN:257,(anonymous_22)
FN:268,(anonymous_23)
FN:280,(anonymous_24)
FN:290,(anonymous_25)
FN:299,(anonymous_26)
FNF:27
FNH:1
FNDA:0,(anonymous_0)
FNDA:0,(anonymous_1)
FNDA:0,(anonymous_2)
FNDA:0,(anonymous_3)
FNDA:0,(anonymous_4)
FNDA:0,(anonymous_5)
FNDA:0,(anonymous_6)
FNDA:0,(anonymous_7)
FNDA:0,(anonymous_8)
FNDA:0,(anonymous_9)
FNDA:0,(anonymous_10)
FNDA:0,(anonymous_11)
FNDA:0,(anonymous_12)
FNDA:1,(anonymous_13)
FNDA:0,(anonymous_14)
FNDA:0,(anonymous_15)
FNDA:0,(anonymous_16)
FNDA:0,(anonymous_17)
FNDA:0,(anonymous_18)
FNDA:0,(anonymous_19)
FNDA:0,(anonymous_20)
FNDA:0,(anonymous_21)
FNDA:0,(anonymous_22)
FNDA:0,(anonymous_23)
FNDA:0,(anonymous_24)
FNDA:0,(anonymous_25)
FNDA:0,(anonymous_26)
DA:2,1
DA:3,1
DA:4,1
DA:8,0
DA:9,0
DA:10,0
DA:13,0
DA:14,0
DA:16,0
DA:17,0
DA:18,0
DA:19,0
DA:20,0
DA:21,0
DA:23,0
DA:26,0
DA:27,0
DA:29,0
DA:30,0
DA:31,0
DA:32,0
DA:33,0
DA:41,1
DA:45,0
DA:46,0
DA:48,0
DA:49,0
DA:50,0
DA:52,0
DA:53,0
DA:54,0
DA:59,0
DA:60,0
DA:61,0
DA:62,0
DA:64,0
DA:65,0
DA:66,0
DA:67,0
DA:72,0
DA:73,0
DA:74,0
DA:85,0
DA:86,0
DA:89,0
DA:90,0
DA:92,0
DA:93,0
DA:95,0
DA:96,0
DA:98,0
DA:99,0
DA:100,0
DA:101,0
DA:105,0
DA:106,0
DA:107,0
DA:109,0
DA:124,0
DA:125,0
DA:126,0
DA:127,0
DA:128,0
DA:130,0
DA:131,0
DA:133,0
DA:134,0
DA:137,0
DA:138,0
DA:139,0
DA:140,0
DA:142,0
DA:144,0
DA:145,0
DA:146,0
DA:147,0
DA:148,0
DA:149,0
DA:160,0
DA:161,0
DA:167,0
DA:168,0
DA:169,0
DA:172,0
DA:173,0
DA:174,0
DA:177,0
DA:178,0
DA:179,0
DA:180,0
DA:183,0
DA:193,0
DA:194,0
DA:195,0
DA:196,0
DA:197,0
DA:198,0
DA:208,0
DA:209,0
DA:211,0
DA:212,0
DA:213,0
DA:216,0
DA:219,0
DA:220,0
DA:221,0
DA:224,0
DA:225,0
DA:235,0
DA:236,0
DA:237,0
DA:244,0
DA:245,0
DA:246,0
DA:258,0
DA:259,0
DA:260,0
DA:261,0
DA:269,0
DA:270,0
DA:271,0
DA:281,0
DA:282,0
DA:291,0
DA:292,0
DA:300,0
DA:301,0
DA:302,0
DA:303,0
DA:304,0
DA:308,1
LF:131
LH:5
BRDA:14,0,0,0
BRDA:14,0,1,0
BRDA:15,1,0,0
BRDA:17,2,0,0
BRDA:17,2,1,0
BRDA:17,3,0,0
BRDA:17,3,1,0
BRDA:18,4,0,0
BRDA:18,4,1,0
BRDA:26,5,0,0
BRDA:26,5,1,0
BRDA:26,6,0,0
BRDA:26,6,1,0
BRDA:27,7,0,0
BRDA:27,7,1,0
BRDA:33,8,0,0
BRDA:33,8,1,0
BRDA:33,9,0,0
BRDA:33,9,1,0
BRDA:45,10,0,0
BRDA:45,10,1,0
BRDA:45,11,0,0
BRDA:45,11,1,0
BRDA:48,12,0,0
BRDA:48,12,1,0
BRDA:49,13,0,0
BRDA:49,13,1,0
BRDA:65,14,0,0
BRDA:65,14,1,0
BRDA:72,15,0,0
BRDA:72,15,1,0
BRDA:89,16,0,0
BRDA:89,16,1,0
BRDA:92,17,0,0
BRDA:92,17,1,0
BRDA:92,18,0,0
BRDA:92,18,1,0
BRDA:95,19,0,0
BRDA:95,19,1,0
BRDA:95,20,0,0
BRDA:95,20,1,0
BRDA:98,21,0,0
BRDA:98,21,1,0
BRDA:98,22,0,0
BRDA:98,22,1,0
BRDA:100,23,0,0
BRDA:100,23,1,0
BRDA:127,24,0,0
BRDA:127,24,1,0
BRDA:130,25,0,0
BRDA:130,25,1,0
BRDA:133,26,0,0
BRDA:133,26,1,0
BRDA:133,27,0,0
BRDA:133,27,1,0
BRDA:146,28,0,0
BRDA:146,28,1,0
BRDA:147,29,0,0
BRDA:147,29,1,0
BRDA:148,30,0,0
BRDA:148,30,1,0
BRDA:148,31,0,0
BRDA:148,31,1,0
BRDA:168,32,0,0
BRDA:168,32,1,0
BRDA:173,33,0,0
BRDA:173,33,1,0
BRDA:178,34,0,0
BRDA:178,34,1,0
BRDA:196,35,0,0
BRDA:196,35,1,0
BRDA:198,36,0,0
BRDA:198,36,1,0
BRDA:212,37,0,0
BRDA:212,37,1,0
BRDA:220,38,0,0
BRDA:220,38,1,0
BRDA:245,39,0,0
BRDA:245,39,1,0
BRDA:261,40,0,0
BRDA:261,40,1,0
BRDA:302,41,0,0
BRDA:302,41,1,0
BRF:83
BRH:0
end_of_record
TN:
SF:src\domain-providers\orderService.js
FN:4,(anonymous_0)
FN:81,(anonymous_1)
FN:116,(anonymous_2)
FNF:3
FNH:3
FNDA:2,(anonymous_0)
FNDA:1,(anonymous_1)
FNDA:1,(anonymous_2)
DA:1,1
DA:8,2
DA:9,2
DA:10,0
DA:14,2
DA:15,2
DA:17,2
DA:19,3
DA:24,3
DA:25,0
DA:28,3
DA:29,0
DA:33,3
DA:34,3
DA:35,0
DA:38,3
DA:39,3
DA:41,3
DA:52,2
DA:57,2
DA:60,2
DA:61,3
DA:68,3
DA:74,2
DA:82,1
DA:83,1
DA:85,1
DA:93,1
DA:102,1
DA:116,1
DA:131,1
LF:31
LH:27
BRDA:9,0,0,0
BRDA:9,0,1,2
BRDA:24,1,0,0
BRDA:24,1,1,3
BRDA:28,2,0,0
BRDA:28,2,1,3
BRDA:34,3,0,0
BRDA:34,3,1,3
BRDA:83,4,0,0
BRDA:83,4,1,1
BRDA:118,5,0,1
BRDA:118,5,1,0
BRDA:120,6,0,1
BRDA:120,6,1,0
BRDA:122,7,0,0
BRDA:122,7,1,1
BRDA:123,8,0,1
BRDA:123,8,1,1
BRDA:125,9,0,0
BRDA:125,9,1,1
BRF:20
BRH:11
end_of_record
TN:
SF:src\domain-providers\passengerDbService.js
FN:4,(anonymous_0)
FN:8,(anonymous_1)
FN:16,(anonymous_2)
FN:20,(anonymous_3)
FN:29,(anonymous_4)
FN:38,(anonymous_5)
FNF:6
FNH:0
FNDA:0,(anonymous_0)
FNDA:0,(anonymous_1)
FNDA:0,(anonymous_2)
FNDA:0,(anonymous_3)
FNDA:0,(anonymous_4)
FNDA:0,(anonymous_5)
DA:1,1
DA:5,0
DA:9,0
DA:10,0
DA:17,0
DA:21,0
DA:22,0
DA:26,0
DA:30,0
DA:31,0
DA:35,0
DA:39,0
DA:40,0
DA:44,1
LF:14
LH:2
BRDA:24,0,0,0
BRDA:24,0,1,0
BRDA:24,1,0,0
BRDA:24,1,1,0
BRDA:24,2,0,0
BRDA:24,2,1,0
BRDA:24,3,0,0
BRDA:24,3,1,0
BRDA:33,4,0,0
BRDA:33,4,1,0
BRDA:33,5,0,0
BRDA:33,5,1,0
BRDA:33,6,0,0
BRDA:33,6,1,0
BRDA:33,7,0,0
BRDA:33,7,1,0
BRF:16
BRH:0
end_of_record
TN:
SF:src\domain-providers\passengerService.js
FN:4,(anonymous_0)
FN:8,(anonymous_1)
FN:14,(anonymous_2)
FN:29,(anonymous_3)
FN:43,(anonymous_4)
FNF:5
FNH:0
FNDA:0,(anonymous_0)
FNDA:0,(anonymous_1)
FNDA:0,(anonymous_2)
FNDA:0,(anonymous_3)
FNDA:0,(anonymous_4)
DA:1,1
DA:5,0
DA:9,0
DA:10,0
DA:11,0
DA:15,0
DA:16,0
DA:17,0
DA:25,0
DA:26,0
DA:30,0
DA:31,0
DA:32,0
DA:39,0
DA:40,0
DA:44,0
DA:45,0
DA:46,0
DA:47,0
DA:51,1
LF:20
LH:2
BRDA:9,0,0,0
BRDA:9,0,1,0
BRDA:10,1,0,0
BRDA:10,1,1,0
BRDA:15,2,0,0
BRDA:15,2,1,0
BRDA:16,3,0,0
BRDA:16,3,1,0
BRDA:16,4,0,0
BRDA:16,4,1,0
BRDA:31,5,0,0
BRDA:31,5,1,0
BRDA:33,6,0,0
BRDA:33,6,1,0
BRDA:34,7,0,0
BRDA:34,7,1,0
BRDA:35,8,0,0
BRDA:35,8,1,0
BRDA:36,9,0,0
BRDA:36,9,1,0
BRDA:37,10,0,0
BRDA:37,10,1,0
BRDA:45,11,0,0
BRDA:45,11,1,0
BRF:24
BRH:0
end_of_record
TN:
SF:src\domain-providers\stationService.js
FN:4,loadData
FN:15,(anonymous_1)
FN:25,(anonymous_2)
FNF:3
FNH:0
FNDA:0,loadData
FNDA:0,(anonymous_1)
FNDA:0,(anonymous_2)
DA:1,1
DA:2,1
DA:5,0
DA:6,0
DA:7,0
DA:8,0
DA:10,0
DA:16,0
DA:17,0
DA:18,0
DA:19,0
DA:20,0
DA:22,0
DA:26,0
DA:27,0
DA:28,0
DA:29,0
DA:33,1
LF:18
LH:3
BRDA:19,0,0,0
BRDA:19,0,1,0
BRDA:20,1,0,0
BRDA:20,1,1,0
BRDA:26,2,0,0
BRDA:26,2,1,0
BRDA:27,3,0,0
BRDA:27,3,1,0
BRF:8
BRH:0
end_of_record
TN:
SF:src\domain-providers\ticketService.js
FN:2,(anonymous_0)
FNF:1
FNH:0
FNDA:0,(anonymous_0)
DA:3,0
DA:4,0
DA:5,0
DA:6,0
DA:10,1
LF:5
LH:1
BRDA:3,0,0,0
BRDA:3,0,1,0
BRDA:3,1,0,0
BRDA:3,1,1,0
BRDA:3,2,0,0
BRDA:3,2,1,0
BRDA:6,3,0,0
BRDA:6,3,1,0
BRDA:6,4,0,0
BRDA:6,4,1,0
BRF:10
BRH:0
end_of_record
TN:
SF:src\domain-providers\trainDataService.js
FN:3,listTrainsByRoute
FN:16,filterTrainsByType
FN:20,getTrainDetail
FN:68,computePriceBySeat
FN:72,computeSeatAvailability
FNF:5
FNH:0
FNDA:0,listTrainsByRoute
FNDA:0,filterTrainsByType
FNDA:0,getTrainDetail
FNDA:0,computePriceBySeat
FNDA:0,computeSeatAvailability
DA:1,1
DA:4,0
DA:5,0
DA:6,0
DA:7,0
DA:8,0
DA:9,0
DA:10,0
DA:12,0
DA:13,0
DA:17,0
DA:21,0
DA:22,0
DA:25,0
DA:33,0
DA:34,0
DA:36,0
DA:37,0
DA:38,0
DA:40,0
DA:41,0
DA:44,0
DA:50,0
DA:51,0
DA:52,0
DA:53,0
DA:54,0
DA:56,0
DA:58,0
DA:63,0
DA:64,0
DA:69,0
DA:73,0
DA:76,1
LF:34
LH:2
BRDA:36,0,0,0
BRDA:36,0,1,0
BRF:2
BRH:0
end_of_record
TN:
SF:src\domain-providers\trainDatasetService.js
FN:9,parseDuration
FN:18,parseTrainFile
FN:54,loadAllTrains
FN:106,search
FNF:4
FNH:0
FNDA:0,parseDuration
FNDA:0,parseTrainFile
FNDA:0,loadAllTrains
FNDA:0,search
DA:1,1
DA:2,1
DA:3,1
DA:6,1
DA:7,1
DA:10,0
DA:11,0
DA:12,0
DA:13,0
DA:15,0
DA:19,0
DA:20,0
DA:21,0
DA:25,0
DA:26,0
DA:29,0
DA:30,0
DA:31,0
DA:34,0
DA:35,0
DA:37,0
DA:50,0
DA:55,0
DA:57,0
DA:58,0
DA:60,0
DA:62,0
DA:63,0
DA:64,0
DA:67,0
DA:68,0
DA:69,0
DA:73,0
DA:75,0
DA:76,0
DA:78,0
DA:79,0
DA:81,0
DA:82,0
DA:83,0
DA:84,0
DA:86,0
DA:87,0
DA:88,0
DA:89,0
DA:90,0
DA:97,0
DA:98,0
DA:100,0
DA:103,0
DA:107,0
DA:108,0
DA:110,0
DA:111,0
DA:112,0
DA:114,0
DA:115,0
DA:127,0
DA:128,0
DA:130,0
DA:131,0
DA:133,0
DA:134,0
DA:135,0
DA:138,0
DA:142,0
DA:144,0
DA:145,0
DA:149,1
LF:69
LH:6
BRDA:10,0,0,0
BRDA:10,0,1,0
BRDA:10,1,0,0
BRDA:10,1,1,0
BRDA:12,2,0,0
BRDA:12,2,1,0
BRDA:25,3,0,0
BRDA:25,3,1,0
BRDA:25,4,0,0
BRDA:25,4,1,0
BRDA:25,4,2,0
BRDA:25,4,3,0
BRDA:35,5,0,0
BRDA:35,5,1,0
BRDA:39,6,0,0
BRDA:39,6,1,0
BRDA:55,7,0,0
BRDA:55,7,1,0
BRDA:62,8,0,0
BRDA:62,8,1,0
BRDA:76,9,0,0
BRDA:76,9,1,0
BRDA:79,10,0,0
BRDA:79,10,1,0
BRDA:83,11,0,0
BRDA:83,11,1,0
BRDA:88,12,0,0
BRDA:88,12,1,0
BRDA:112,13,0,0
BRDA:112,13,1,0
BRDA:127,14,0,0
BRDA:127,14,1,0
BRDA:127,14,2,0
BRDA:127,14,3,0
BRDA:127,14,4,0
BRDA:127,14,5,0
BRDA:128,15,0,0
BRDA:128,15,1,0
BRDA:128,15,2,0
BRDA:128,15,3,0
BRDA:128,15,4,0
BRDA:128,15,5,0
BRDA:130,16,0,0
BRDA:130,16,1,0
BRDA:130,17,0,0
BRDA:130,17,1,0
BRDA:131,18,0,0
BRDA:131,18,1,0
BRDA:133,19,0,0
BRDA:133,19,1,0
BRDA:134,20,0,0
BRDA:134,20,1,0
BRDA:134,21,0,0
BRDA:134,21,1,0
BRDA:134,21,2,0
BRDA:134,21,3,0
BRDA:134,21,4,0
BRF:57
BRH:0
end_of_record
TN:
SF:src\infra-config\database.js
FN:5,(anonymous_0)
FN:10,(anonymous_1)
FN:167,(anonymous_2)
FN:233,(anonymous_3)
FNF:4
FNH:4
FNDA:1,(anonymous_0)
FNDA:1,(anonymous_1)
FNDA:1,(anonymous_2)
FNDA:1,(anonymous_3)
DA:1,1
DA:2,1
DA:6,1
DA:7,1
DA:11,1
DA:12,0
DA:15,1
DA:16,1
DA:18,1
DA:36,1
DA:49,1
DA:62,1
DA:76,1
DA:93,1
DA:101,1
DA:113,1
DA:121,1
DA:134,1
DA:147,1
DA:161,1
DA:163,1
DA:164,1
DA:168,1
DA:169,1
DA:171,1
DA:175,1
DA:180,1
DA:181,1
DA:182,1
DA:186,1
DA:192,1
DA:196,1
DA:202,1
DA:203,1
DA:204,1
DA:207,1
DA:208,1
DA:209,1
DA:213,1
DA:220,1
DA:225,1
DA:230,1
DA:234,1
DA:235,0
DA:237,1
DA:241,1
LF:46
LH:44
BRDA:11,0,0,0
BRDA:11,0,1,1
BRDA:234,1,0,0
BRDA:234,1,1,1
BRF:4
BRH:2
end_of_record
TN:
SF:src\message-catalog\messages.js
FNF:0
FNH:0
DA:1,1
LF:1
LH:1
BRF:0
BRH:0
end_of_record
TN:
SF:src\monitoring\metrics.js
FN:2,(anonymous_0)
FN:8,(anonymous_1)
FN:15,(anonymous_2)
FN:17,(anonymous_3)
FN:21,(anonymous_4)
FNF:5
FNH:1
FNDA:1,(anonymous_0)
FNDA:0,(anonymous_1)
FNDA:0,(anonymous_2)
FNDA:0,(anonymous_3)
FNDA:0,(anonymous_4)
DA:3,1
DA:4,1
DA:5,1
DA:6,1
DA:9,0
DA:10,0
DA:11,0
DA:12,0
DA:13,0
DA:16,0
DA:17,0
DA:18,0
DA:19,0
DA:22,0
DA:26,1
LF:15
LH:5
BRDA:8,0,0,0
BRDA:10,1,0,0
BRDA:10,1,1,0
BRDA:13,2,0,0
BRDA:13,2,1,0
BRDA:16,3,0,0
BRDA:16,3,1,0
BRDA:22,4,0,0
BRDA:22,4,1,0
BRF:9
BRH:0
end_of_record
TN:
SF:src\monitoring\queryStats.js
FN:2,inc
FN:3,mark
FN:4,markFuzzy
FN:5,snapshot
FNF:4
FNH:0
FNDA:0,inc
FNDA:0,mark
FNDA:0,markFuzzy
FNDA:0,snapshot
DA:1,1
DA:2,0
DA:3,0
DA:4,0
DA:5,0
DA:6,1
LF:6
LH:2
BRDA:2,0,0,0
BRDA:2,0,1,0
BRDA:3,1,0,0
BRDA:3,1,1,0
BRF:4
BRH:0
end_of_record
TN:
SF:src\request-handlers\authController.js
FN:12,(anonymous_0)
FN:80,(anonymous_1)
FN:136,(anonymous_2)
FN:198,(anonymous_3)
FN:223,(anonymous_4)
FN:249,(anonymous_5)
FN:259,(anonymous_6)
FN:274,(anonymous_7)
FNF:8
FNH:0
FNDA:0,(anonymous_0)
FNDA:0,(anonymous_1)
FNDA:0,(anonymous_2)
FNDA:0,(anonymous_3)
FNDA:0,(anonymous_4)
FNDA:0,(anonymous_5)
FNDA:0,(anonymous_6)
FNDA:0,(anonymous_7)
DA:1,1
DA:2,1
DA:3,1
DA:4,1
DA:5,1
DA:13,0
DA:14,0
DA:15,0
DA:16,0
DA:17,0
DA:18,0
DA:19,0
DA:20,0
DA:22,0
DA:23,0
DA:24,0
DA:25,0
DA:28,0
DA:29,0
DA:30,0
DA:31,0
DA:32,0
DA:33,0
DA:34,0
DA:35,0
DA:39,0
DA:40,0
DA:42,0
DA:43,0
DA:44,0
DA:45,0
DA:46,0
DA:47,0
DA:48,0
DA:51,0
DA:52,0
DA:53,0
DA:56,0
DA:57,0
DA:58,0
DA:59,0
DA:62,0
DA:63,0
DA:65,0
DA:66,0
DA:68,0
DA:69,0
DA:70,0
DA:72,0
DA:81,0
DA:82,0
DA:84,0
DA:85,0
DA:86,0
DA:87,0
DA:88,0
DA:91,0
DA:92,0
DA:93,0
DA:94,0
DA:96,0
DA:97,0
DA:98,0
DA:100,0
DA:101,0
DA:104,0
DA:105,0
DA:106,0
DA:107,0
DA:110,0
DA:111,0
DA:112,0
DA:113,0
DA:114,0
DA:115,0
DA:118,0
DA:119,0
DA:120,0
DA:121,0
DA:124,0
DA:125,0
DA:127,0
DA:128,0
DA:137,0
DA:138,0
DA:140,0
DA:141,0
DA:142,0
DA:143,0
DA:144,0
DA:147,0
DA:148,0
DA:149,0
DA:150,0
DA:151,0
DA:152,0
DA:154,0
DA:155,0
DA:158,0
DA:159,0
DA:160,0
DA:161,0
DA:162,0
DA:163,0
DA:164,0
DA:167,0
DA:168,0
DA:169,0
DA:170,0
DA:171,0
DA:172,0
DA:173,0
DA:175,0
DA:176,0
DA:177,0
DA:178,0
DA:181,0
DA:182,0
DA:183,0
DA:185,0
DA:186,0
DA:189,0
DA:190,0
DA:192,0
DA:193,0
DA:199,0
DA:200,0
DA:214,0
DA:215,0
DA:224,0
DA:225,0
DA:241,0
DA:242,0
DA:250,0
DA:251,0
DA:252,0
DA:254,0
DA:255,0
DA:260,0
DA:261,0
DA:262,0
DA:263,0
DA:268,0
DA:270,0
DA:275,0
DA:276,0
DA:277,0
DA:278,0
DA:279,0
DA:281,0
DA:283,0
DA:288,1
LF:152
LH:6
BRDA:13,0,0,0
BRDA:13,0,1,0
BRDA:13,0,2,0
BRDA:17,1,0,0
BRDA:17,1,1,0
BRDA:18,2,0,0
BRDA:18,2,1,0
BRDA:24,3,0,0
BRDA:24,3,1,0
BRDA:29,4,0,0
BRDA:29,4,1,0
BRDA:31,5,0,0
BRDA:31,5,1,0
BRDA:33,6,0,0
BRDA:33,6,1,0
BRDA:34,7,0,0
BRDA:34,7,1,0
BRDA:34,8,0,0
BRDA:34,8,1,0
BRDA:34,8,2,0
BRDA:44,9,0,0
BRDA:44,9,1,0
BRDA:44,10,0,0
BRDA:44,10,1,0
BRDA:45,11,0,0
BRDA:45,11,1,0
BRDA:45,12,0,0
BRDA:45,12,1,0
BRDA:46,13,0,0
BRDA:46,13,1,0
BRDA:51,14,0,0
BRDA:51,14,1,0
BRDA:57,15,0,0
BRDA:57,15,1,0
BRDA:69,16,0,0
BRDA:69,16,1,0
BRDA:69,17,0,0
BRDA:69,17,1,0
BRDA:85,18,0,0
BRDA:85,18,1,0
BRDA:85,19,0,0
BRDA:85,19,1,0
BRDA:86,20,0,0
BRDA:86,20,1,0
BRDA:86,21,0,0
BRDA:86,21,1,0
BRDA:92,22,0,0
BRDA:92,22,1,0
BRDA:96,23,0,0
BRDA:96,23,1,0
BRDA:104,24,0,0
BRDA:104,24,1,0
BRDA:105,25,0,0
BRDA:105,25,1,0
BRDA:113,26,0,0
BRDA:113,26,1,0
BRDA:141,27,0,0
BRDA:141,27,1,0
BRDA:141,28,0,0
BRDA:141,28,1,0
BRDA:142,29,0,0
BRDA:142,29,1,0
BRDA:143,30,0,0
BRDA:143,30,1,0
BRDA:147,31,0,0
BRDA:147,31,1,0
BRDA:149,32,0,0
BRDA:149,32,1,0
BRDA:151,33,0,0
BRDA:151,33,1,0
BRDA:158,34,0,0
BRDA:158,34,1,0
BRDA:162,35,0,0
BRDA:162,35,1,0
BRDA:172,36,0,0
BRDA:172,36,1,0
BRDA:176,37,0,0
BRDA:176,37,1,0
BRDA:278,38,0,0
BRDA:278,38,1,0
BRF:80
BRH:0
end_of_record
TN:
SF:src\request-handlers\orderController.js
FN:4,(anonymous_0)
FN:23,(anonymous_1)
FN:41,(anonymous_2)
FN:46,(anonymous_3)
FN:50,(anonymous_4)
FNF:5
FNH:2
FNDA:2,(anonymous_0)
FNDA:1,(anonymous_1)
FNDA:0,(anonymous_2)
FNDA:0,(anonymous_3)
FNDA:0,(anonymous_4)
DA:1,1
DA:5,2
DA:7,2
DA:8,2
DA:10,2
DA:11,0
DA:14,2
DA:15,2
DA:18,0
DA:19,0
DA:24,1
DA:25,1
DA:26,1
DA:28,1
DA:30,1
DA:31,0
DA:34,1
DA:36,0
DA:37,0
DA:43,0
DA:47,0
DA:51,0
DA:55,1
LF:23
LH:14
BRDA:7,0,0,2
BRDA:7,0,1,2
BRDA:7,0,2,2
BRDA:10,1,0,0
BRDA:10,1,1,2
BRDA:10,2,0,2
BRDA:10,2,1,2
BRDA:10,2,2,2
BRDA:10,2,3,2
BRDA:19,3,0,0
BRDA:19,3,1,0
BRDA:25,4,0,1
BRDA:25,4,1,1
BRDA:25,4,2,1
BRDA:30,5,0,0
BRDA:30,5,1,1
BRF:16
BRH:12
end_of_record
TN:
SF:src\request-handlers\passengerController.js
FN:4,(anonymous_0)
FN:15,(anonymous_1)
FN:27,(anonymous_2)
FN:38,(anonymous_3)
FN:50,(anonymous_4)
FNF:5
FNH:0
FNDA:0,(anonymous_0)
FNDA:0,(anonymous_1)
FNDA:0,(anonymous_2)
FNDA:0,(anonymous_3)
FNDA:0,(anonymous_4)
DA:1,1
DA:5,0
DA:6,0
DA:7,0
DA:8,0
DA:9,0
DA:11,0
DA:16,0
DA:17,0
DA:18,0
DA:19,0
DA:20,0
DA:21,0
DA:23,0
DA:28,0
DA:29,0
DA:30,0
DA:31,0
DA:32,0
DA:34,0
DA:39,0
DA:40,0
DA:41,0
DA:42,0
DA:43,0
DA:44,0
DA:46,0
DA:51,0
DA:52,0
DA:53,0
DA:54,0
DA:55,0
DA:56,0
DA:58,0
DA:63,1
LF:35
LH:2
BRDA:6,0,0,0
BRDA:6,0,1,0
BRDA:7,1,0,0
BRDA:7,1,1,0
BRDA:17,2,0,0
BRDA:17,2,1,0
BRDA:18,3,0,0
BRDA:18,3,1,0
BRDA:19,4,0,0
BRDA:19,4,1,0
BRDA:30,5,0,0
BRDA:30,5,1,0
BRDA:31,6,0,0
BRDA:31,6,1,0
BRDA:42,7,0,0
BRDA:42,7,1,0
BRDA:43,8,0,0
BRDA:43,8,1,0
BRDA:52,9,0,0
BRDA:52,9,1,0
BRDA:55,10,0,0
BRDA:55,10,1,0
BRF:22
BRH:0
end_of_record
TN:
SF:src\request-handlers\trainController.js
FN:4,getTrains
FN:14,(anonymous_1)
FN:39,getTrainById
FNF:3
FNH:0
FNDA:0,getTrains
FNDA:0,(anonymous_1)
FNDA:0,getTrainById
DA:1,1
DA:2,1
DA:5,0
DA:6,0
DA:7,0
DA:11,0
DA:14,0
DA:31,0
DA:32,0
DA:34,0
DA:35,0
DA:40,0
DA:41,0
DA:42,0
DA:44,0
DA:45,0
DA:48,0
DA:50,0
DA:51,0
DA:55,1
LF:20
LH:3
BRDA:24,0,0,0
BRDA:24,0,1,0
BRDA:24,0,2,0
BRDA:25,1,0,0
BRDA:25,1,1,0
BRDA:25,1,2,0
BRDA:26,2,0,0
BRDA:26,2,1,0
BRDA:26,2,2,0
BRDA:27,3,0,0
BRDA:27,3,1,0
BRDA:44,4,0,0
BRDA:44,4,1,0
BRF:13
BRH:0
end_of_record
TN:
SF:src\request-interceptors\errorHandler.js
FN:1,(anonymous_0)
FNF:1
FNH:0
FNDA:0,(anonymous_0)
DA:1,1
DA:2,0
DA:3,0
DA:4,0
DA:5,0
DA:6,0
LF:6
LH:1
BRDA:3,0,0,0
BRDA:3,0,1,0
BRDA:4,1,0,0
BRDA:4,1,1,0
BRDA:5,2,0,0
BRDA:5,2,1,0
BRF:6
BRH:0
end_of_record
TN:
SF:src\route-manifests\auth.js
FNF:0
FNH:0
DA:1,1
DA:2,1
DA:4,1
DA:7,1
DA:8,1
DA:11,1
DA:14,1
DA:17,1
DA:20,1
DA:23,1
DA:24,1
DA:26,1
LF:12
LH:12
BRF:0
BRH:0
end_of_record
TN:
SF:src\route-manifests\metrics.js
FN:6,(anonymous_0)
FNF:1
FNH:0
FNDA:0,(anonymous_0)
DA:1,1
DA:2,1
DA:4,1
DA:6,1
DA:7,0
DA:10,1
LF:6
LH:5
BRF:0
BRH:0
end_of_record
TN:
SF:src\route-manifests\orders.js
FNF:0
FNH:0
DA:1,1
DA:2,1
DA:4,1
DA:7,1
DA:10,1
DA:13,1
DA:16,1
DA:19,1
DA:21,1
LF:9
LH:9
BRF:0
BRH:0
end_of_record
TN:
SF:src\route-manifests\passengers.js
FNF:0
FNH:0
DA:1,1
DA:2,1
DA:4,1
DA:6,1
DA:7,1
DA:8,1
DA:9,1
DA:10,1
DA:12,1
LF:9
LH:9
BRF:0
BRH:0
end_of_record
TN:
SF:src\route-manifests\queryStats.js
FN:4,(anonymous_0)
FNF:1
FNH:0
FNDA:0,(anonymous_0)
DA:1,1
DA:2,1
DA:3,1
DA:4,1
DA:5,1
LF:5
LH:5
BRF:0
BRH:0
end_of_record
TN:
SF:src\route-manifests\stations.js
FN:6,(anonymous_0)
FN:11,(anonymous_1)
FNF:2
FNH:0
FNDA:0,(anonymous_0)
FNDA:0,(anonymous_1)
DA:1,1
DA:2,1
DA:4,1
DA:6,1
DA:7,0
DA:8,0
DA:11,1
DA:12,0
DA:13,0
DA:14,0
DA:17,1
LF:11
LH:6
BRF:0
BRH:0
end_of_record
TN:
SF:src\route-manifests\tickets.js
FN:6,(anonymous_0)
FNF:1
FNH:0
FNDA:0,(anonymous_0)
DA:1,1
DA:2,1
DA:4,1
DA:6,1
DA:7,0
DA:8,0
DA:9,0
DA:12,1
LF:8
LH:5
BRF:0
BRH:0
end_of_record
TN:
SF:src\route-manifests\trains.js
FNF:0
FNH:0
DA:1,1
DA:2,1
DA:4,1
DA:6,1
DA:7,1
DA:9,1
LF:6
LH:6
BRF:0
BRH:0
end_of_record
TN:
SF:src\route-manifests\user.js
FN:5,(anonymous_0)
FN:11,(anonymous_1)
FN:17,(anonymous_2)
FN:23,(anonymous_3)
FNF:4
FNH:0
FNDA:0,(anonymous_0)
FNDA:0,(anonymous_1)
FNDA:0,(anonymous_2)
FNDA:0,(anonymous_3)
DA:1,1
DA:2,1
DA:5,1
DA:7,0
DA:11,1
DA:13,0
DA:17,1
DA:19,0
DA:23,1
DA:25,0
DA:28,1
LF:11
LH:7
BRF:0
BRH:0
end_of_record
TN:
SF:src\utils\crypto.js
FN:26,decryptPassword
FN:33,getPublicKey
FNF:2
FNH:0
FNDA:0,decryptPassword
FNDA:0,getPublicKey
DA:1,1
DA:2,1
DA:3,1
DA:8,1
DA:9,1
DA:10,1
DA:11,1
DA:14,0
DA:18,1
DA:19,0
DA:22,1
DA:23,0
DA:27,0
DA:28,0
DA:29,0
DA:30,0
DA:34,0
DA:35,0
DA:36,0
DA:37,0
DA:40,1
LF:21
LH:10
BRDA:10,0,0,1
BRDA:10,0,1,0
BRDA:18,1,0,0
BRDA:18,1,1,1
BRDA:22,2,0,0
BRDA:22,2,1,1
BRF:6
BRH:3
end_of_record
